#! c:/iverilog-x86/bin/vvp
:ivl_version "10.0 (stable)" "(v10_0)";
:ivl_delay_selection "TYPICAL";
:vpi_time_precision - 12;
:vpi_module "system";
:vpi_module "vhdl_sys";
:vpi_module "v2005_math";
:vpi_module "va_math";
S_01071680 .scope module, "string2" "string2" 2 2;
 .timescale -9 -12;
    .port_info 0 /INPUT 1 "clk"
    .port_info 1 /INPUT 1 "clr"
    .port_info 2 /INPUT 8 "in"
    .port_info 3 /OUTPUT 1 "out"
P_01071750 .param/l "s0" 0 2 6, +C4<00000000000000000000000000000000>;
P_01071770 .param/l "s1" 0 2 6, +C4<00000000000000000000000000000001>;
P_01071790 .param/l "s2" 0 2 6, +C4<00000000000000000000000000000010>;
P_010717b0 .param/l "s3" 0 2 6, +C4<00000000000000000000000000000011>;
P_010717d0 .param/l "s4" 0 2 6, +C4<00000000000000000000000000000100>;
L_0107dc68 .functor AND 1, L_02b87cf8, L_02b87ae8, C4<1>, C4<1>;
L_0107dcb0 .functor OR 1, L_02b87e58, L_02b87b40, C4<0>, C4<0>;
L_0107d638 .functor OR 1, L_02b87c48, L_02b87d50, C4<0>, C4<0>;
L_0107dcf8 .functor AND 1, L_0107d638, L_02b87a38, C4<1>, C4<1>;
L_0107d758 .functor AND 1, L_0107dcf8, L_02bf9410, C4<1>, C4<1>;
L_02bc1008 .functor BUFT 1, C4<00110000>, C4<0>, C4<0>, C4<0>;
v02b87618_0 .net/2u *"_s0", 7 0, L_02bc1008;  1 drivers
L_02bc1058 .functor BUFT 1, C4<00101011>, C4<0>, C4<0>, C4<0>;
v02b87040_0 .net/2u *"_s10", 7 0, L_02bc1058;  1 drivers
v02b87670_0 .net *"_s12", 0 0, L_02b87e58;  1 drivers
L_02bc1080 .functor BUFT 1, C4<00101010>, C4<0>, C4<0>, C4<0>;
v02b87930_0 .net/2u *"_s14", 7 0, L_02bc1080;  1 drivers
v02b87098_0 .net *"_s16", 0 0, L_02b87b40;  1 drivers
v02b86f90_0 .net *"_s2", 0 0, L_02b87cf8;  1 drivers
v02b874b8_0 .net *"_s20", 31 0, L_02b87e00;  1 drivers
L_02bc10a8 .functor BUFT 1, C4<00000000000000000000000000>, C4<0>, C4<0>, C4<0>;
v02b86fe8_0 .net *"_s23", 25 0, L_02bc10a8;  1 drivers
L_02bc10d0 .functor BUFT 1, C4<00000000000000000000000000000010>, C4<0>, C4<0>, C4<0>;
v02b87250_0 .net/2u *"_s24", 31 0, L_02bc10d0;  1 drivers
v02b876c8_0 .net *"_s26", 0 0, L_02b87c48;  1 drivers
v02b870f0_0 .net *"_s28", 31 0, L_02b879e0;  1 drivers
L_02bc10f8 .functor BUFT 1, C4<00000000000000000000000000>, C4<0>, C4<0>, C4<0>;
v02b87460_0 .net *"_s31", 25 0, L_02bc10f8;  1 drivers
L_02bc1120 .functor BUFT 1, C4<00000000000000000000000000000100>, C4<0>, C4<0>, C4<0>;
v02b87148_0 .net/2u *"_s32", 31 0, L_02bc1120;  1 drivers
v02b87720_0 .net *"_s34", 0 0, L_02b87d50;  1 drivers
v02b872a8_0 .net *"_s36", 0 0, L_0107d638;  1 drivers
v02b86f38_0 .net *"_s38", 31 0, L_02b87b98;  1 drivers
L_02bc1030 .functor BUFT 1, C4<00111001>, C4<0>, C4<0>, C4<0>;
v02b87510_0 .net/2u *"_s4", 7 0, L_02bc1030;  1 drivers
L_02bc1148 .functor BUFT 1, C4<000000000000000000000000000000>, C4<0>, C4<0>, C4<0>;
v02b87778_0 .net *"_s41", 29 0, L_02bc1148;  1 drivers
L_02bc1170 .functor BUFT 1, C4<00000000000000000000000000000000>, C4<0>, C4<0>, C4<0>;
v02b87300_0 .net/2u *"_s42", 31 0, L_02bc1170;  1 drivers
v02b871a0_0 .net *"_s44", 0 0, L_02b87a38;  1 drivers
v02b871f8_0 .net *"_s46", 0 0, L_0107dcf8;  1 drivers
v02b87988_0 .net *"_s48", 31 0, L_02b87bf0;  1 drivers
L_02bc1198 .functor BUFT 1, C4<0000000000000000000000000000000>, C4<0>, C4<0>, C4<0>;
v02b873b0_0 .net *"_s51", 30 0, L_02bc1198;  1 drivers
L_02bc11c0 .functor BUFT 1, C4<00000000000000000000000000000000>, C4<0>, C4<0>, C4<0>;
v02b87358_0 .net/2u *"_s52", 31 0, L_02bc11c0;  1 drivers
v02b87408_0 .net *"_s54", 0 0, L_02bf9410;  1 drivers
v02b87568_0 .net *"_s6", 0 0, L_02b87ae8;  1 drivers
o02b96214 .functor BUFZ 1, C4<z>; HiZ drive
v02b875c0_0 .net "clk", 0 0, o02b96214;  0 drivers
o02b9622c .functor BUFZ 1, C4<z>; HiZ drive
v02b877d0_0 .net "clr", 0 0, o02b9622c;  0 drivers
v02b87828_0 .var "cnt", 1 0;
v02b87880_0 .var "error", 0 0;
o02b96274 .functor BUFZ 8, C4<zzzzzzzz>; HiZ drive
v02b878d8_0 .net "in", 7 0, o02b96274;  0 drivers
v02b86ee0_0 .net "is_digit", 0 0, L_0107dc68;  1 drivers
v02b87da8_0 .net "is_op", 0 0, L_0107dcb0;  1 drivers
v02b87a90_0 .net "out", 0 0, L_0107d758;  1 drivers
v02b87ca0_0 .var "state", 5 0;
E_02b85d50 .event posedge, v02b877d0_0, v02b875c0_0;
L_02b87cf8 .cmp/ge 8, o02b96274, L_02bc1008;
L_02b87ae8 .cmp/ge 8, L_02bc1030, o02b96274;
L_02b87e58 .cmp/eq 8, o02b96274, L_02bc1058;
L_02b87b40 .cmp/eq 8, o02b96274, L_02bc1080;
L_02b87e00 .concat [ 6 26 0 0], v02b87ca0_0, L_02bc10a8;
L_02b87c48 .cmp/eq 32, L_02b87e00, L_02bc10d0;
L_02b879e0 .concat [ 6 26 0 0], v02b87ca0_0, L_02bc10f8;
L_02b87d50 .cmp/eq 32, L_02b879e0, L_02bc1120;
L_02b87b98 .concat [ 2 30 0 0], v02b87828_0, L_02bc1148;
L_02b87a38 .cmp/eq 32, L_02b87b98, L_02bc1170;
L_02b87bf0 .concat [ 1 31 0 0], v02b87880_0, L_02bc1198;
L_02bf9410 .cmp/eq 32, L_02b87bf0, L_02bc11c0;
    .scope S_01071680;
T_0 ;
    %pushi/vec4 0, 0, 6;
    %store/vec4 v02b87ca0_0, 0, 6;
    %end;
    .thread T_0;
    .scope S_01071680;
T_1 ;
    %pushi/vec4 0, 0, 2;
    %store/vec4 v02b87828_0, 0, 2;
    %end;
    .thread T_1;
    .scope S_01071680;
T_2 ;
    %pushi/vec4 0, 0, 1;
    %store/vec4 v02b87880_0, 0, 1;
    %end;
    .thread T_2;
    .scope S_01071680;
T_3 ;
    %wait E_02b85d50;
    %load/vec4 v02b877d0_0;
    %flag_set/vec4 8;
    %jmp/0xz  T_3.0, 8;
    %pushi/vec4 0, 0, 6;
    %assign/vec4 v02b87ca0_0, 0;
    %pushi/vec4 0, 0, 2;
    %assign/vec4 v02b87828_0, 0;
    %pushi/vec4 0, 0, 1;
    %assign/vec4 v02b87880_0, 0;
    %jmp T_3.1;
T_3.0 ;
    %load/vec4 v02b87ca0_0;
    %dup/vec4;
    %pushi/vec4 0, 0, 6;
    %cmp/u;
    %jmp/1 T_3.2, 6;
    %dup/vec4;
    %pushi/vec4 1, 0, 6;
    %cmp/u;
    %jmp/1 T_3.3, 6;
    %dup/vec4;
    %pushi/vec4 2, 0, 6;
    %cmp/u;
    %jmp/1 T_3.4, 6;
    %dup/vec4;
    %pushi/vec4 3, 0, 6;
    %cmp/u;
    %jmp/1 T_3.5, 6;
    %dup/vec4;
    %pushi/vec4 4, 0, 6;
    %cmp/u;
    %jmp/1 T_3.6, 6;
    %jmp T_3.7;
T_3.2 ;
    %load/vec4 v02b878d8_0;
    %pushi/vec4 40, 0, 8; draw_string_vec4
    %cmp/e;
    %jmp/0xz  T_3.8, 4;
    %pushi/vec4 1, 0, 6;
    %assign/vec4 v02b87ca0_0, 0;
    %load/vec4 v02b87828_0;
    %addi 1, 0, 2;
    %assign/vec4 v02b87828_0, 0;
    %load/vec4 v02b87828_0;
    %pad/u 32;
    %cmpi/e 1, 0, 32;
    %jmp/0xz  T_3.10, 4;
    %pushi/vec4 1, 0, 1;
    %assign/vec4 v02b87880_0, 0;
T_3.10 ;
    %jmp T_3.9;
T_3.8 ;
    %load/vec4 v02b86ee0_0;
    %flag_set/vec4 8;
    %jmp/0xz  T_3.12, 8;
    %pushi/vec4 2, 0, 6;
    %assign/vec4 v02b87ca0_0, 0;
    %jmp T_3.13;
T_3.12 ;
    %pushi/vec4 0, 0, 6;
    %assign/vec4 v02b87ca0_0, 0;
    %pushi/vec4 1, 0, 1;
    %assign/vec4 v02b87880_0, 0;
T_3.13 ;
T_3.9 ;
    %jmp T_3.7;
T_3.3 ;
    %load/vec4 v02b86ee0_0;
    %flag_set/vec4 8;
    %jmp/0xz  T_3.14, 8;
    %pushi/vec4 2, 0, 6;
    %assign/vec4 v02b87ca0_0, 0;
    %jmp T_3.15;
T_3.14 ;
    %pushi/vec4 0, 0, 6;
    %assign/vec4 v02b87ca0_0, 0;
    %pushi/vec4 1, 0, 1;
    %assign/vec4 v02b87880_0, 0;
T_3.15 ;
    %jmp T_3.7;
T_3.4 ;
    %load/vec4 v02b87da8_0;
    %flag_set/vec4 8;
    %jmp/0xz  T_3.16, 8;
    %pushi/vec4 3, 0, 6;
    %assign/vec4 v02b87ca0_0, 0;
    %jmp T_3.17;
T_3.16 ;
    %load/vec4 v02b878d8_0;
    %pushi/vec4 41, 0, 8; draw_string_vec4
    %cmp/e;
    %jmp/0xz  T_3.18, 4;
    %load/vec4 v02b87828_0;
    %subi 1, 0, 2;
    %assign/vec4 v02b87828_0, 0;
    %load/vec4 v02b87828_0;
    %pad/u 32;
    %cmpi/e 0, 0, 32;
    %jmp/0xz  T_3.20, 4;
    %pushi/vec4 1, 0, 1;
    %assign/vec4 v02b87880_0, 0;
T_3.20 ;
    %pushi/vec4 4, 0, 6;
    %assign/vec4 v02b87ca0_0, 0;
    %jmp T_3.19;
T_3.18 ;
    %pushi/vec4 0, 0, 6;
    %assign/vec4 v02b87ca0_0, 0;
    %pushi/vec4 1, 0, 1;
    %assign/vec4 v02b87880_0, 0;
T_3.19 ;
T_3.17 ;
    %jmp T_3.7;
T_3.5 ;
    %load/vec4 v02b86ee0_0;
    %flag_set/vec4 8;
    %jmp/0xz  T_3.22, 8;
    %pushi/vec4 2, 0, 6;
    %assign/vec4 v02b87ca0_0, 0;
    %jmp T_3.23;
T_3.22 ;
    %load/vec4 v02b878d8_0;
    %pushi/vec4 40, 0, 8; draw_string_vec4
    %cmp/e;
    %jmp/0xz  T_3.24, 4;
    %pushi/vec4 1, 0, 6;
    %assign/vec4 v02b87ca0_0, 0;
    %load/vec4 v02b87828_0;
    %addi 1, 0, 2;
    %assign/vec4 v02b87828_0, 0;
    %load/vec4 v02b87828_0;
    %pad/u 32;
    %cmpi/e 1, 0, 32;
    %jmp/0xz  T_3.26, 4;
    %pushi/vec4 1, 0, 1;
    %assign/vec4 v02b87880_0, 0;
T_3.26 ;
    %jmp T_3.25;
T_3.24 ;
    %pushi/vec4 0, 0, 6;
    %assign/vec4 v02b87ca0_0, 0;
    %pushi/vec4 1, 0, 1;
    %assign/vec4 v02b87880_0, 0;
T_3.25 ;
T_3.23 ;
    %jmp T_3.7;
T_3.6 ;
    %load/vec4 v02b87da8_0;
    %flag_set/vec4 8;
    %jmp/0xz  T_3.28, 8;
    %pushi/vec4 3, 0, 6;
    %assign/vec4 v02b87ca0_0, 0;
    %jmp T_3.29;
T_3.28 ;
    %pushi/vec4 0, 0, 6;
    %assign/vec4 v02b87ca0_0, 0;
    %pushi/vec4 1, 0, 1;
    %assign/vec4 v02b87880_0, 0;
T_3.29 ;
    %jmp T_3.7;
T_3.7 ;
    %pop/vec4 1;
T_3.1 ;
    %jmp T_3;
    .thread T_3;
# The file index is used to find the file name in the following table.
:file_names 3;
    "N/A";
    "<interactive>";
    "string2.v";
