Release 14.7 Map P.20131013 (nt64)
Xilinx Mapping Report File for Design 'fpga_top'

Design Information
------------------
Command Line   : map -intstyle ise -p xc6slx100-fgg676-2 -w -logic_opt off -ol
high -t 1 -xt 0 -register_duplication off -r 4 -global_opt off -mt off -ir off
-pr off -lc off -power off -o fpga_top_map.ncd fpga_top.ngd fpga_top.pcf 
Target Device  : xc6slx100
Target Package : fgg676
Target Speed   : -2
Mapper Version : spartan6 -- $Revision: 1.55 $
Mapped Date    : Tue Dec 20 21:12:25 2022

Design Summary
--------------
Number of errors:      0
Number of warnings:    4
Slice Logic Utilization:
  Number of Slice Registers:                 2,544 out of 126,576    2%
    Number used as Flip Flops:               2,477
    Number used as Latches:                     40
    Number used as Latch-thrus:                  0
    Number used as AND/OR logics:               27
  Number of Slice LUTs:                      5,959 out of  63,288    9%
    Number used as logic:                    5,925 out of  63,288    9%
      Number using O6 output only:           4,960
      Number using O5 output only:             118
      Number using O5 and O6:                  847
      Number used as ROM:                        0
    Number used as Memory:                       0 out of  15,616    0%
    Number used exclusively as route-thrus:     34
      Number with same-slice register load:     13
      Number with same-slice carry load:        21
      Number with other load:                    0

Slice Logic Distribution:
  Number of occupied Slices:                 1,946 out of  15,822   12%
  Number of MUXCYs used:                     1,504 out of  31,644    4%
  Number of LUT Flip Flop pairs used:        6,117
    Number with an unused Flip Flop:         3,660 out of   6,117   59%
    Number with an unused LUT:                 158 out of   6,117    2%
    Number of fully used LUT-FF pairs:       2,299 out of   6,117   37%
    Number of unique control sets:              40
    Number of slice register sites lost
      to control set restrictions:             107 out of 126,576    1%

  A LUT Flip Flop pair for this architecture represents one LUT paired with
  one Flip Flop within a slice.  A control set is a unique combination of
  clock, reset, set, and enable signals for a registered element.
  The Slice Logic Distribution report is not meaningful if the design is
  over-mapped for a non-slice resource or if Placement fails.

IO Utilization:
  Number of bonded IOBs:                       141 out of     480   29%
    Number of LOCed IOBs:                      141 out of     141  100%

Specific Feature Utilization:
  Number of RAMB16BWERs:                        15 out of     268    5%
  Number of RAMB8BWERs:                          1 out of     536    1%
  Number of BUFIO2/BUFIO2_2CLKs:                 0 out of      32    0%
  Number of BUFIO2FB/BUFIO2FB_2CLKs:             0 out of      32    0%
  Number of BUFG/BUFGMUXs:                       1 out of      16    6%
    Number used as BUFGs:                        1
    Number used as BUFGMUX:                      0
  Number of DCM/DCM_CLKGENs:                     0 out of      12    0%
  Number of ILOGIC2/ISERDES2s:                   0 out of     506    0%
  Number of IODELAY2/IODRP2/IODRP2_MCBs:         0 out of     506    0%
  Number of OLOGIC2/OSERDES2s:                   0 out of     506    0%
  Number of BSCANs:                              0 out of       4    0%
  Number of BUFHs:                               0 out of     384    0%
  Number of BUFPLLs:                             0 out of       8    0%
  Number of BUFPLL_MCBs:                         0 out of       4    0%
  Number of DSP48A1s:                            8 out of     180    4%
  Number of ICAPs:                               0 out of       1    0%
  Number of MCBs:                                0 out of       4    0%
  Number of PCILOGICSEs:                         0 out of       2    0%
  Number of PLL_ADVs:                            0 out of       6    0%
  Number of PMVs:                                0 out of       1    0%
  Number of STARTUPs:                            0 out of       1    0%
  Number of SUSPEND_SYNCs:                       0 out of       1    0%

Average Fanout of Non-Clock Nets:                4.75

Peak Memory Usage:  4885 MB
Total REAL time to MAP completion:  1 mins 10 secs 
Total CPU time to MAP completion:   1 mins 10 secs 

Table of Contents
-----------------
Section 1 - Errors
Section 2 - Warnings
Section 3 - Informational
Section 4 - Removed Logic Summary
Section 5 - Removed Logic
Section 6 - IOB Properties
Section 7 - RPMs
Section 8 - Guide Report
Section 9 - Area Group and Partition Summary
Section 10 - Timing Report
Section 11 - Configuration String Information
Section 12 - Control Set Information
Section 13 - Utilization by Hierarchy

Section 1 - Errors
------------------

Section 2 - Warnings
--------------------
WARNING:PhysDesignRules:372 - Gated clock. Clock net
   cpu/ext/sign[2]_sign[2]_OR_118_o is sourced by a combinatorial pin. This is
   not good design practice. Use the CE pin to control the loading of data into
   the flip-flop.
WARNING:PhysDesignRules:372 - Gated clock. Clock net
   cpu/ext/sign[2]_sign[2]_OR_101_o is sourced by a combinatorial pin. This is
   not good design practice. Use the CE pin to control the loading of data into
   the flip-flop.
WARNING:PhysDesignRules:372 - Gated clock. Clock net
   urat/GND_65_o_GND_65_o_equal_13_o is sourced by a combinatorial pin. This is
   not good design practice. Use the CE pin to control the loading of data into
   the flip-flop.
WARNING:PhysDesignRules:2410 - This design is using one or more 9K Block RAMs
   (RAMB8BWER).  9K Block RAM initialization data, both user defined and
   default, may be incorrect and should not be used.  For more information,
   please reference Xilinx Answer Record 39999.

Section 3 - Informational
-------------------------
INFO:MapLib:562 - No environment variables are currently set.
INFO:LIT:244 - All of the single ended outputs in this design are using slew
   rate limited output drivers. The delay on speed critical single ended outputs
   can be dramatically reduced by designating them as fast outputs.
INFO:Pack:1716 - Initializing temperature to 85.000 Celsius. (default - Range:
   0.000 to 85.000 Celsius)
INFO:Pack:1720 - Initializing voltage to 1.140 Volts. (default - Range: 1.140 to
   1.260 Volts)
INFO:Map:215 - The Interim Design Summary has been generated in the MAP Report
   (.mrp).
INFO:Pack:1650 - Map created a placed design.

Section 4 - Removed Logic Summary
---------------------------------
   1 block(s) removed
   6 block(s) optimized away
   1 signal(s) removed

Section 5 - Removed Logic
-------------------------

The trimmed logic report below shows the logic removed from your design due to
sourceless or loadless signals, and VCC or ground connections.  If the removal
of a signal or symbol results in the subsequent removal of an additional signal
or symbol, the message explaining that second removal will be indented.  This
indentation will be repeated as a chain of related logic is removed.

To quickly locate the original cause for the removal of a chain of logic, look
above the place where that logic is listed in the trimming report, then locate
the lines that are least indented (begin at the leftmost edge).

Loadless block "cpu/Npc/Madd_D_PC[31]_offset[29]_add_5_OUT29" (ROM) removed.
The signal "dm/N0" is sourceless and has been removed.

Optimized Block(s):
TYPE 		BLOCK
GND 		XST_GND
VCC 		XST_VCC
GND 		dm/XST_GND
VCC 		dm/XST_VCC
GND 		im/XST_GND
VCC 		im/XST_VCC

To enable printing of redundant blocks removed and signals merged, set the
detailed map report option and rerun map.

Section 6 - IOB Properties
--------------------------

+---------------------------------------------------------------------------------------------------------------------------------------------------------+
| IOB Name                           | Type             | Direction | IO Standard          | Diff  | Drive    | Slew | Reg (s)      | Resistor | IOB      |
|                                    |                  |           |                      | Term  | Strength | Rate |              |          | Delay    |
+---------------------------------------------------------------------------------------------------------------------------------------------------------+
| clk_in                             | IOB              | INPUT     | LVCMOS33             |       |          |      |              |          |          |
| digital_tube0<0>                   | IOB              | OUTPUT    | LVCMOS33             |       | 12       | SLOW |              |          |          |
| digital_tube0<1>                   | IOB              | OUTPUT    | LVCMOS33             |       | 12       | SLOW |              |          |          |
| digital_tube0<2>                   | IOB              | OUTPUT    | LVCMOS33             |       | 12       | SLOW |              |          |          |
| digital_tube0<3>                   | IOB              | OUTPUT    | LVCMOS33             |       | 12       | SLOW |              |          |          |
| digital_tube0<4>                   | IOB              | OUTPUT    | LVCMOS33             |       | 12       | SLOW |              |          |          |
| digital_tube0<5>                   | IOB              | OUTPUT    | LVCMOS33             |       | 12       | SLOW |              |          |          |
| digital_tube0<6>                   | IOB              | OUTPUT    | LVCMOS33             |       | 12       | SLOW |              |          |          |
| digital_tube0<7>                   | IOB              | OUTPUT    | LVCMOS33             |       | 12       | SLOW |              |          |          |
| digital_tube1<0>                   | IOB              | OUTPUT    | LVCMOS33             |       | 12       | SLOW |              |          |          |
| digital_tube1<1>                   | IOB              | OUTPUT    | LVCMOS33             |       | 12       | SLOW |              |          |          |
| digital_tube1<2>                   | IOB              | OUTPUT    | LVCMOS33             |       | 12       | SLOW |              |          |          |
| digital_tube1<3>                   | IOB              | OUTPUT    | LVCMOS33             |       | 12       | SLOW |              |          |          |
| digital_tube1<4>                   | IOB              | OUTPUT    | LVCMOS33             |       | 12       | SLOW |              |          |          |
| digital_tube1<5>                   | IOB              | OUTPUT    | LVCMOS33             |       | 12       | SLOW |              |          |          |
| digital_tube1<6>                   | IOB              | OUTPUT    | LVCMOS33             |       | 12       | SLOW |              |          |          |
| digital_tube1<7>                   | IOB              | OUTPUT    | LVCMOS33             |       | 12       | SLOW |              |          |          |
| digital_tube2<0>                   | IOB              | OUTPUT    | LVCMOS33             |       | 12       | SLOW |              |          |          |
| digital_tube2<1>                   | IOB              | OUTPUT    | LVCMOS33             |       | 12       | SLOW |              |          |          |
| digital_tube2<2>                   | IOB              | OUTPUT    | LVCMOS33             |       | 12       | SLOW |              |          |          |
| digital_tube2<3>                   | IOB              | OUTPUT    | LVCMOS33             |       | 12       | SLOW |              |          |          |
| digital_tube2<4>                   | IOB              | OUTPUT    | LVCMOS33             |       | 12       | SLOW |              |          |          |
| digital_tube2<5>                   | IOB              | OUTPUT    | LVCMOS33             |       | 12       | SLOW |              |          |          |
| digital_tube2<6>                   | IOB              | OUTPUT    | LVCMOS33             |       | 12       | SLOW |              |          |          |
| digital_tube2<7>                   | IOB              | OUTPUT    | LVCMOS33             |       | 12       | SLOW |              |          |          |
| digital_tube_sel2                  | IOB              | OUTPUT    | LVCMOS33             |       | 12       | SLOW |              |          |          |
| digital_tube_sel0<0>               | IOB              | OUTPUT    | LVCMOS33             |       | 12       | SLOW |              |          |          |
| digital_tube_sel0<1>               | IOB              | OUTPUT    | LVCMOS33             |       | 12       | SLOW |              |          |          |
| digital_tube_sel0<2>               | IOB              | OUTPUT    | LVCMOS33             |       | 12       | SLOW |              |          |          |
| digital_tube_sel0<3>               | IOB              | OUTPUT    | LVCMOS33             |       | 12       | SLOW |              |          |          |
| digital_tube_sel1<0>               | IOB              | OUTPUT    | LVCMOS33             |       | 12       | SLOW |              |          |          |
| digital_tube_sel1<1>               | IOB              | OUTPUT    | LVCMOS33             |       | 12       | SLOW |              |          |          |
| digital_tube_sel1<2>               | IOB              | OUTPUT    | LVCMOS33             |       | 12       | SLOW |              |          |          |
| digital_tube_sel1<3>               | IOB              | OUTPUT    | LVCMOS33             |       | 12       | SLOW |              |          |          |
| dip_switch0<0>                     | IOB              | INPUT     | LVCMOS33             |       |          |      |              |          |          |
| dip_switch0<1>                     | IOB              | INPUT     | LVCMOS33             |       |          |      |              |          |          |
| dip_switch0<2>                     | IOB              | INPUT     | LVCMOS33             |       |          |      |              |          |          |
| dip_switch0<3>                     | IOB              | INPUT     | LVCMOS33             |       |          |      |              |          |          |
| dip_switch0<4>                     | IOB              | INPUT     | LVCMOS33             |       |          |      |              |          |          |
| dip_switch0<5>                     | IOB              | INPUT     | LVCMOS33             |       |          |      |              |          |          |
| dip_switch0<6>                     | IOB              | INPUT     | LVCMOS33             |       |          |      |              |          |          |
| dip_switch0<7>                     | IOB              | INPUT     | LVCMOS33             |       |          |      |              |          |          |
| dip_switch1<0>                     | IOB              | INPUT     | LVCMOS33             |       |          |      |              |          |          |
| dip_switch1<1>                     | IOB              | INPUT     | LVCMOS33             |       |          |      |              |          |          |
| dip_switch1<2>                     | IOB              | INPUT     | LVCMOS33             |       |          |      |              |          |          |
| dip_switch1<3>                     | IOB              | INPUT     | LVCMOS33             |       |          |      |              |          |          |
| dip_switch1<4>                     | IOB              | INPUT     | LVCMOS33             |       |          |      |              |          |          |
| dip_switch1<5>                     | IOB              | INPUT     | LVCMOS33             |       |          |      |              |          |          |
| dip_switch1<6>                     | IOB              | INPUT     | LVCMOS33             |       |          |      |              |          |          |
| dip_switch1<7>                     | IOB              | INPUT     | LVCMOS33             |       |          |      |              |          |          |
| dip_switch2<0>                     | IOB              | INPUT     | LVCMOS33             |       |          |      |              |          |          |
| dip_switch2<1>                     | IOB              | INPUT     | LVCMOS33             |       |          |      |              |          |          |
| dip_switch2<2>                     | IOB              | INPUT     | LVCMOS33             |       |          |      |              |          |          |
| dip_switch2<3>                     | IOB              | INPUT     | LVCMOS33             |       |          |      |              |          |          |
| dip_switch2<4>                     | IOB              | INPUT     | LVCMOS33             |       |          |      |              |          |          |
| dip_switch2<5>                     | IOB              | INPUT     | LVCMOS33             |       |          |      |              |          |          |
| dip_switch2<6>                     | IOB              | INPUT     | LVCMOS33             |       |          |      |              |          |          |
| dip_switch2<7>                     | IOB              | INPUT     | LVCMOS33             |       |          |      |              |          |          |
| dip_switch3<0>                     | IOB              | INPUT     | LVCMOS33             |       |          |      |              |          |          |
| dip_switch3<1>                     | IOB              | INPUT     | LVCMOS33             |       |          |      |              |          |          |
| dip_switch3<2>                     | IOB              | INPUT     | LVCMOS33             |       |          |      |              |          |          |
| dip_switch3<3>                     | IOB              | INPUT     | LVCMOS33             |       |          |      |              |          |          |
| dip_switch3<4>                     | IOB              | INPUT     | LVCMOS33             |       |          |      |              |          |          |
| dip_switch3<5>                     | IOB              | INPUT     | LVCMOS33             |       |          |      |              |          |          |
| dip_switch3<6>                     | IOB              | INPUT     | LVCMOS33             |       |          |      |              |          |          |
| dip_switch3<7>                     | IOB              | INPUT     | LVCMOS33             |       |          |      |              |          |          |
| dip_switch4<0>                     | IOB              | INPUT     | LVCMOS33             |       |          |      |              |          |          |
| dip_switch4<1>                     | IOB              | INPUT     | LVCMOS33             |       |          |      |              |          |          |
| dip_switch4<2>                     | IOB              | INPUT     | LVCMOS33             |       |          |      |              |          |          |
| dip_switch4<3>                     | IOB              | INPUT     | LVCMOS33             |       |          |      |              |          |          |
| dip_switch4<4>                     | IOB              | INPUT     | LVCMOS33             |       |          |      |              |          |          |
| dip_switch4<5>                     | IOB              | INPUT     | LVCMOS33             |       |          |      |              |          |          |
| dip_switch4<6>                     | IOB              | INPUT     | LVCMOS33             |       |          |      |              |          |          |
| dip_switch4<7>                     | IOB              | INPUT     | LVCMOS33             |       |          |      |              |          |          |
| dip_switch5<0>                     | IOB              | INPUT     | LVCMOS33             |       |          |      |              |          |          |
| dip_switch5<1>                     | IOB              | INPUT     | LVCMOS33             |       |          |      |              |          |          |
| dip_switch5<2>                     | IOB              | INPUT     | LVCMOS33             |       |          |      |              |          |          |
| dip_switch5<3>                     | IOB              | INPUT     | LVCMOS33             |       |          |      |              |          |          |
| dip_switch5<4>                     | IOB              | INPUT     | LVCMOS33             |       |          |      |              |          |          |
| dip_switch5<5>                     | IOB              | INPUT     | LVCMOS33             |       |          |      |              |          |          |
| dip_switch5<6>                     | IOB              | INPUT     | LVCMOS33             |       |          |      |              |          |          |
| dip_switch5<7>                     | IOB              | INPUT     | LVCMOS33             |       |          |      |              |          |          |
| dip_switch6<0>                     | IOB              | INPUT     | LVCMOS33             |       |          |      |              |          |          |
| dip_switch6<1>                     | IOB              | INPUT     | LVCMOS33             |       |          |      |              |          |          |
| dip_switch6<2>                     | IOB              | INPUT     | LVCMOS33             |       |          |      |              |          |          |
| dip_switch6<3>                     | IOB              | INPUT     | LVCMOS33             |       |          |      |              |          |          |
| dip_switch6<4>                     | IOB              | INPUT     | LVCMOS33             |       |          |      |              |          |          |
| dip_switch6<5>                     | IOB              | INPUT     | LVCMOS33             |       |          |      |              |          |          |
| dip_switch6<6>                     | IOB              | INPUT     | LVCMOS33             |       |          |      |              |          |          |
| dip_switch6<7>                     | IOB              | INPUT     | LVCMOS33             |       |          |      |              |          |          |
| dip_switch7<0>                     | IOB              | INPUT     | LVCMOS33             |       |          |      |              |          |          |
| dip_switch7<1>                     | IOB              | INPUT     | LVCMOS33             |       |          |      |              |          |          |
| dip_switch7<2>                     | IOB              | INPUT     | LVCMOS33             |       |          |      |              |          |          |
| dip_switch7<3>                     | IOB              | INPUT     | LVCMOS33             |       |          |      |              |          |          |
| dip_switch7<4>                     | IOB              | INPUT     | LVCMOS33             |       |          |      |              |          |          |
| dip_switch7<5>                     | IOB              | INPUT     | LVCMOS33             |       |          |      |              |          |          |
| dip_switch7<6>                     | IOB              | INPUT     | LVCMOS33             |       |          |      |              |          |          |
| dip_switch7<7>                     | IOB              | INPUT     | LVCMOS33             |       |          |      |              |          |          |
| led_light<0>                       | IOB              | OUTPUT    | LVCMOS33             |       | 12       | SLOW |              |          |          |
| led_light<1>                       | IOB              | OUTPUT    | LVCMOS33             |       | 12       | SLOW |              |          |          |
| led_light<2>                       | IOB              | OUTPUT    | LVCMOS33             |       | 12       | SLOW |              |          |          |
| led_light<3>                       | IOB              | OUTPUT    | LVCMOS33             |       | 12       | SLOW |              |          |          |
| led_light<4>                       | IOB              | OUTPUT    | LVCMOS33             |       | 12       | SLOW |              |          |          |
| led_light<5>                       | IOB              | OUTPUT    | LVCMOS33             |       | 12       | SLOW |              |          |          |
| led_light<6>                       | IOB              | OUTPUT    | LVCMOS33             |       | 12       | SLOW |              |          |          |
| led_light<7>                       | IOB              | OUTPUT    | LVCMOS33             |       | 12       | SLOW |              |          |          |
| led_light<8>                       | IOB              | OUTPUT    | LVCMOS33             |       | 12       | SLOW |              |          |          |
| led_light<9>                       | IOB              | OUTPUT    | LVCMOS33             |       | 12       | SLOW |              |          |          |
| led_light<10>                      | IOB              | OUTPUT    | LVCMOS33             |       | 12       | SLOW |              |          |          |
| led_light<11>                      | IOB              | OUTPUT    | LVCMOS33             |       | 12       | SLOW |              |          |          |
| led_light<12>                      | IOB              | OUTPUT    | LVCMOS33             |       | 12       | SLOW |              |          |          |
| led_light<13>                      | IOB              | OUTPUT    | LVCMOS33             |       | 12       | SLOW |              |          |          |
| led_light<14>                      | IOB              | OUTPUT    | LVCMOS33             |       | 12       | SLOW |              |          |          |
| led_light<15>                      | IOB              | OUTPUT    | LVCMOS33             |       | 12       | SLOW |              |          |          |
| led_light<16>                      | IOB              | OUTPUT    | LVCMOS33             |       | 12       | SLOW |              |          |          |
| led_light<17>                      | IOB              | OUTPUT    | LVCMOS33             |       | 12       | SLOW |              |          |          |
| led_light<18>                      | IOB              | OUTPUT    | LVCMOS33             |       | 12       | SLOW |              |          |          |
| led_light<19>                      | IOB              | OUTPUT    | LVCMOS33             |       | 12       | SLOW |              |          |          |
| led_light<20>                      | IOB              | OUTPUT    | LVCMOS33             |       | 12       | SLOW |              |          |          |
| led_light<21>                      | IOB              | OUTPUT    | LVCMOS33             |       | 12       | SLOW |              |          |          |
| led_light<22>                      | IOB              | OUTPUT    | LVCMOS33             |       | 12       | SLOW |              |          |          |
| led_light<23>                      | IOB              | OUTPUT    | LVCMOS33             |       | 12       | SLOW |              |          |          |
| led_light<24>                      | IOB              | OUTPUT    | LVCMOS33             |       | 12       | SLOW |              |          |          |
| led_light<25>                      | IOB              | OUTPUT    | LVCMOS33             |       | 12       | SLOW |              |          |          |
| led_light<26>                      | IOB              | OUTPUT    | LVCMOS33             |       | 12       | SLOW |              |          |          |
| led_light<27>                      | IOB              | OUTPUT    | LVCMOS33             |       | 12       | SLOW |              |          |          |
| led_light<28>                      | IOB              | OUTPUT    | LVCMOS33             |       | 12       | SLOW |              |          |          |
| led_light<29>                      | IOB              | OUTPUT    | LVCMOS33             |       | 12       | SLOW |              |          |          |
| led_light<30>                      | IOB              | OUTPUT    | LVCMOS33             |       | 12       | SLOW |              |          |          |
| led_light<31>                      | IOB              | OUTPUT    | LVCMOS33             |       | 12       | SLOW |              |          |          |
| sys_rstn                           | IOB              | INPUT     | LVCMOS33             |       |          |      |              |          |          |
| uart_rxd                           | IOB              | INPUT     | LVCMOS33             |       |          |      |              |          |          |
| uart_txd                           | IOB              | OUTPUT    | LVCMOS33             |       | 12       | SLOW |              |          |          |
| user_key<0>                        | IOB              | INPUT     | LVCMOS33             |       |          |      |              |          |          |
| user_key<1>                        | IOB              | INPUT     | LVCMOS33             |       |          |      |              |          |          |
| user_key<2>                        | IOB              | INPUT     | LVCMOS33             |       |          |      |              |          |          |
| user_key<3>                        | IOB              | INPUT     | LVCMOS33             |       |          |      |              |          |          |
| user_key<4>                        | IOB              | INPUT     | LVCMOS33             |       |          |      |              |          |          |
| user_key<5>                        | IOB              | INPUT     | LVCMOS33             |       |          |      |              |          |          |
| user_key<6>                        | IOB              | INPUT     | LVCMOS33             |       |          |      |              |          |          |
| user_key<7>                        | IOB              | INPUT     | LVCMOS33             |       |          |      |              |          |          |
+---------------------------------------------------------------------------------------------------------------------------------------------------------+

Section 7 - RPMs
----------------

Section 8 - Guide Report
------------------------
Guide not run on this design.

Section 9 - Area Group and Partition Summary
--------------------------------------------

Partition Implementation Status
-------------------------------

  No Partitions were found in this design.

-------------------------------

Area Group Information
----------------------

  No area groups were found in this design.

----------------------

Section 10 - Timing Report
--------------------------
A logic-level (pre-route) timing report can be generated by using Xilinx static
timing analysis tools, Timing Analyzer (GUI) or TRCE (command line), with the
mapped NCD and PCF files. Please note that this timing report will be generated
using estimated delay information. For accurate numbers, please generate a
timing report with the post Place and Route NCD file.

For more information about the Timing Analyzer, consult the Xilinx Timing
Analyzer Reference Manual; for more information about TRCE, consult the Xilinx
Command Line Tools User Guide "TRACE" chapter.

Section 11 - Configuration String Details
-----------------------------------------
Use the "-detail" map option to print out Configuration Strings

Section 12 - Control Set Information
------------------------------------
Use the "-detail" map option to print out Control Set Information.

Section 13 - Utilization by Hierarchy
-------------------------------------
Use the "-detail" map option to print out the Utilization by Hierarchy section.
