ISim log file
Running: D:\coding_file\study\Lesson\co_lesson\lesson\p7\mips\mips_txt_isim_beh.exe -intstyle ise -gui -tclbatch isim.cmd -wdb D:/coding_file/study/Lesson/co_lesson/lesson/p7/mips/cpu_isim_beh.wdb 
ISim P.20131013 (signature 0x7708f090)
This is a Full version of ISim.
Time resolution is 1 ps
# onerror resume
# wave add /
# run 1000 ns
Simulator is doing circuit initialization process.
Finished circuit initialization process.
                  42@00003004: $ 1 <= 0000fffc
                  46@00003008: $31 <= 00000029
                  50@0000300c: $27 <= 00000057
                  54@00003010: $27 <= 00000057
                  58@00003014: $27 <= 0000003b
                  62@00003018: $27 <= 00000031
                  66@0000301c: $31 <= 00000029
                  70@00003020: $26 <= 0000002e
                  74@00003024: $27 <= 00000051
                  94@00004180: $26 <= 00001020
                  98@00004184: $26 <= 00003028
                 106@00004188: $26 <= 00003028
                 110@0000418c: $26 <= 0000302c
                 130@0000302c: $25 <= 000d0000
                 134@00003030: $25 <= 00000000
                 138@00003034: $27 <= 002c0000
                 142@00003038: $27 <= 00000000
                 146@0000303c: $26 <= 0000302c
                 150@00003040: $25 <= 00310000
                 154@00003044: $25 <= 000b0000
                 158@00003048: $31 <= 00000000
                 162@0000304c: $27 <= 0000302c
                 170@00003050: $25 <= 0000306a
                 174@00003054: $27 <= 0000302c
                 178@00003058: $25 <= 00010000
                 182@0000305c: $27 <= 0000302c
                 186@00003060: $31 <= 00140000
                 190@00003064: $27 <= 0000302c
                 198@0000306c: $27 <= 0000302c
                 206@00003070: $31 <= 0000307e
                 210@00003074: $25 <= 00000000
                 214@00003078: $31 <= 005c0000
                 218@0000307c: $27 <= 00000000
                 226@00003084: $25 <= 00000033
                 230@00003088: $31 <= 002f0000
                 238@00003090: $25 <= 00000033
                 246@00003098: $31 <= 0000303f
                 250@0000309c: $26 <= 0000606b
                 254@000030a0: $25 <= 00000000
                 258@000030a4: $27 <= 003a0000
                 266@000030ac: $27 <= 003a0000
                 274@000030b4: $26 <= 00000001
                 282@000030bc: $26 <= 00480000
                 286@000030c0: $25 <= 00480016
                 294@000030c8: $31 <= 00320000
                 298@000030cc: $26 <= 004b0000
                 318@000030dc: $25 <= 00260000
                 322@000030e0: $27 <= 00120000
                 326@000030e4: $25 <= 00480016
                 330@000030e8: $31 <= 00000000
                 334@000030ec: $26 <= 00480016
                 338@000030f0: $27 <= 00480016
                 358@00003100: $31 <= 001d0000
                 362@00003104: $26 <= 0090002c
                 366@00003108: $26 <= 00010000
                 366@0000310c: *00000000 <= 00000000
                 374@00003110: $27 <= 003a0000
                 378@00003114: $27 <= 004f0000
                 382@00003118: $27 <= 00320000
                 386@0000311c: $27 <= 00000000
                 390@00003120: $27 <= 00560000
                 394@00003124: $27 <= 00000000
                 398@00003128: $26 <= 00050000
                 402@0000312c: $31 <= 00480016
                 406@00003130: $27 <= 00000000
                 410@00003134: $25 <= 005a0000
                 414@00003138: $27 <= 00050029
                 422@00003140: $26 <= 00480016
                 430@00003148: $27 <= 004d003f
                 434@0000314c: $25 <= 00050000
                 438@00003150: $26 <= 00000000
                 442@00003154: $26 <= 00220000
                 446@00003158: $27 <= 003f0000
                 454@00003160: $25 <= 00050000
                 458@00003164: $31 <= 00560000
                 462@00003168: $31 <= 003f0017
                 466@0000316c: $27 <= 00000000
                 470@00003170: $27 <= 002c0000
                 478@00003178: $27 <= 00270000
                 482@0000317c: $26 <= 00001440
                 486@00003180: $27 <= 00450000
                 490@00003184: $31 <= 0000147c
                 494@00003188: $31 <= 00450000
                 498@0000318c: $26 <= 004e0000
                 502@00003190: $31 <= 00930000
                 510@00003198: $27 <= 0c6001e4
                 514@0000319c: $31 <= 005d0000
                 526@000031a8: $27 <= 0c6001e6
                 530@000031ac: $31 <= 00460000
                 534@000031b0: $27 <= 00330000
                 538@000031b4: $25 <= 00520000
                 542@000031b8: $31 <= 0033003b
                 546@000031bc: $25 <= 004e0000
                 550@000031c0: $27 <= 00330000
                 554@000031c4: $31 <= 00470000
                 558@000031c8: $26 <= 00330060
                 562@000031cc: $27 <= 00000000
                 566@000031d0: $27 <= 004e0022
                 570@000031d4: $27 <= 004e0000
                 578@000031dc: $25 <= 00330060
                 582@000031e0: $25 <= 00600000
                 594@000031ec: $31 <= 002e0000
                 598@000031f0: $25 <= 00330060
                 606@000031f4: $27 <= 00020000
                 610@000031f8: $25 <= 00380000
                 614@000031fc: $27 <= 00020000
                 618@00003200: $26 <= 00330077
                 622@00003204: $27 <= 00130000
                 626@00003208: $25 <= 00330060
                 630@0000320c: $27 <= 002e0000
                 634@00003210: $26 <= 00330060
                 638@00003214: $27 <= 00330060
                 646@00003218: $27 <= 006600c0
                 650@0000321c: $25 <= 00330060
                 658@00003224: $31 <= 0033006c
                 662@00003228: $27 <= 003300a2
                 666@0000322c: $27 <= 00130000
                 670@00003230: $26 <= 002f0000
                 674@00003234: $27 <= 006600c0
                 678@00003238: $25 <= 000a0000
                 686@00003240: $26 <= 003f006c
                 714@00003248: $25 <= 006600c0
                 718@0000324c: $26 <= 00460000
                 722@00003250: $31 <= 005c0000
                 726@00003254: $26 <= 00400000
                 738@00003260: $27 <= 006600c0
                 742@00003264: $27 <= 00000000
                 750@0000326c: $26 <= 00400000
                 758@00003274: $25 <= 0000004e
                 762@00003278: $27 <= 00000000
                 766@0000327c: $25 <= 004b0000
                 770@00003280: $27 <= 00000000
                 774@00003284: $26 <= 00120000
                 806@0000328c: $26 <= 00000000
                 818@00003298: $27 <= 00000013
                 826@000032a0: $26 <= 00000000
                 830@000032a4: $25 <= 00320000
                 834@000032a8: $26 <= 002e0000
                 838@000032ac: $27 <= 00220000
                 886@000032c4: $26 <= 00220000
                 894@000032cc: $25 <= 00220000
                 906@000032d8: $25 <= 00460000
                 910@000032dc: $31 <= 00440000
                 922@000032e8: $27 <= 00440000
                 926@000032ec: $31 <= 008a0000
                 930@000032f0: $27 <= 0046000a
                 934@000032f4: $26 <= 00000000
                 942@000032fc: $31 <= 008a0000
                 946@00003300: $27 <= 00340000
                 950@00003304: $31 <= 008a0000
                 958@0000330c: $27 <= 00000001
                 962@00003310: $31 <= 00340000
                 970@00003318: $27 <= 00340000
                 978@0000331c: $27 <= 007a0000
                 982@00003320: $26 <= 0000004a
                 986@00003324: $25 <= 00000000
                 990@00003328: $25 <= 0000004a
                 994@0000332c: $27 <= 005b0000
                 998@00003330: $31 <= 00340044
ISim P.20131013 (signature 0x7708f090)
This is a Full version of ISim.
# run 1000 ns
Simulator is doing circuit initialization process.
Finished circuit initialization process.
                  42@00003004: $ 1 <= 0000fffc
                  46@00003008: $31 <= 00000029
                  50@0000300c: $27 <= 00000057
                  54@00003010: $27 <= 00000057
                  58@00003014: $27 <= 0000003b
                  62@00003018: $27 <= 00000031
                  66@0000301c: $31 <= 00000029
                  70@00003020: $26 <= 0000002e
                  74@00003024: $27 <= 00000051
                  94@00004180: $26 <= 00001020
                  98@00004184: $26 <= 00003028
                 106@00004188: $26 <= 00003028
                 110@0000418c: $26 <= 0000302c
                 130@0000302c: $25 <= 000d0000
                 134@00003030: $25 <= 00000000
                 138@00003034: $27 <= 002c0000
                 142@00003038: $27 <= 00000000
                 146@0000303c: $26 <= 0000302c
                 150@00003040: $25 <= 00310000
                 154@00003044: $25 <= 000b0000
                 158@00003048: $31 <= 00000000
                 162@0000304c: $27 <= 0000302c
                 170@00003050: $25 <= 0000306a
                 174@00003054: $27 <= 0000302c
                 178@00003058: $25 <= 00010000
                 182@0000305c: $27 <= 0000302c
                 186@00003060: $31 <= 00140000
                 190@00003064: $27 <= 0000302c
                 198@0000306c: $27 <= 0000302c
                 206@00003070: $31 <= 0000307e
                 210@00003074: $25 <= 00000000
                 214@00003078: $31 <= 005c0000
                 218@0000307c: $27 <= 00000000
                 226@00003084: $25 <= 00000033
                 230@00003088: $31 <= 002f0000
                 238@00003090: $25 <= 00000033
                 246@00003098: $31 <= 0000303f
                 250@0000309c: $26 <= 0000606b
                 254@000030a0: $25 <= 00000000
                 258@000030a4: $27 <= 003a0000
                 266@000030ac: $27 <= 003a0000
                 274@000030b4: $26 <= 00000001
                 282@000030bc: $26 <= 00480000
                 286@000030c0: $25 <= 00480016
                 294@000030c8: $31 <= 00320000
                 298@000030cc: $26 <= 004b0000
                 318@000030dc: $25 <= 00260000
                 322@000030e0: $27 <= 00120000
                 326@000030e4: $25 <= 00480016
                 330@000030e8: $31 <= 00000000
                 334@000030ec: $26 <= 00480016
                 338@000030f0: $27 <= 00480016
                 358@00003100: $31 <= 001d0000
                 362@00003104: $26 <= 0090002c
                 366@00003108: $26 <= 00010000
                 366@0000310c: *00000000 <= 00000000
                 374@00003110: $27 <= 003a0000
                 378@00003114: $27 <= 004f0000
                 382@00003118: $27 <= 00320000
                 386@0000311c: $27 <= 00000000
                 390@00003120: $27 <= 00560000
                 394@00003124: $27 <= 00000000
                 398@00003128: $26 <= 00050000
                 402@0000312c: $31 <= 00480016
                 406@00003130: $27 <= 00000000
                 410@00003134: $25 <= 005a0000
                 414@00003138: $27 <= 00050029
                 422@00003140: $26 <= 00480016
                 430@00003148: $27 <= 004d003f
                 434@0000314c: $25 <= 00050000
                 438@00003150: $26 <= 00000000
                 442@00003154: $26 <= 00220000
                 446@00003158: $27 <= 003f0000
                 454@00003160: $25 <= 00050000
                 458@00003164: $31 <= 00560000
                 462@00003168: $31 <= 003f0017
                 466@0000316c: $27 <= 00000000
                 470@00003170: $27 <= 002c0000
                 478@00003178: $27 <= 00270000
                 482@0000317c: $26 <= 00001440
                 486@00003180: $27 <= 00450000
                 490@00003184: $31 <= 0000147c
                 494@00003188: $31 <= 00450000
                 498@0000318c: $26 <= 004e0000
                 502@00003190: $31 <= 00930000
                 510@00003198: $27 <= 0c6001e4
                 514@0000319c: $31 <= 005d0000
                 526@000031a8: $27 <= 0c6001e6
                 530@000031ac: $31 <= 00460000
                 534@000031b0: $27 <= 00330000
                 538@000031b4: $25 <= 00520000
                 542@000031b8: $31 <= 0033003b
                 546@000031bc: $25 <= 004e0000
                 550@000031c0: $27 <= 00330000
                 554@000031c4: $31 <= 00470000
                 558@000031c8: $26 <= 00330060
                 562@000031cc: $27 <= 00000000
                 566@000031d0: $27 <= 004e0022
                 570@000031d4: $27 <= 004e0000
                 578@000031dc: $25 <= 00330060
                 582@000031e0: $25 <= 00600000
                 594@000031ec: $31 <= 002e0000
                 598@000031f0: $25 <= 00330060
                 606@000031f4: $27 <= 00020000
                 610@000031f8: $25 <= 00380000
                 614@000031fc: $27 <= 00020000
                 618@00003200: $26 <= 00330077
                 622@00003204: $27 <= 00130000
                 626@00003208: $25 <= 00330060
                 630@0000320c: $27 <= 002e0000
                 634@00003210: $26 <= 00330060
                 638@00003214: $27 <= 00330060
                 646@00003218: $27 <= 006600c0
                 650@0000321c: $25 <= 00330060
                 658@00003224: $31 <= 0033006c
                 662@00003228: $27 <= 003300a2
                 666@0000322c: $27 <= 00130000
                 670@00003230: $26 <= 002f0000
                 674@00003234: $27 <= 006600c0
                 678@00003238: $25 <= 000a0000
                 686@00003240: $26 <= 003f006c
                 714@00003248: $25 <= 006600c0
                 718@0000324c: $26 <= 00460000
                 722@00003250: $31 <= 005c0000
                 726@00003254: $26 <= 00400000
                 738@00003260: $27 <= 006600c0
                 742@00003264: $27 <= 00000000
                 750@0000326c: $26 <= 00400000
                 758@00003274: $25 <= 0000004e
                 762@00003278: $27 <= 00000000
                 766@0000327c: $25 <= 004b0000
                 770@00003280: $27 <= 00000000
                 774@00003284: $26 <= 00120000
                 806@0000328c: $26 <= 00000000
                 818@00003298: $27 <= 00000013
                 826@000032a0: $26 <= 00000000
                 830@000032a4: $25 <= 00320000
                 834@000032a8: $26 <= 002e0000
                 838@000032ac: $27 <= 00220000
                 886@000032c4: $26 <= 00220000
                 894@000032cc: $25 <= 00220000
                 906@000032d8: $25 <= 00460000
                 910@000032dc: $31 <= 00440000
                 922@000032e8: $27 <= 00440000
                 926@000032ec: $31 <= 008a0000
                 930@000032f0: $27 <= 0046000a
                 934@000032f4: $26 <= 00000000
                 942@000032fc: $31 <= 008a0000
                 946@00003300: $27 <= 00340000
                 950@00003304: $31 <= 008a0000
                 958@0000330c: $27 <= 00000001
                 962@00003310: $31 <= 00340000
                 970@00003318: $27 <= 00340000
                 978@0000331c: $27 <= 007a0000
                 982@00003320: $26 <= 0000004a
                 986@00003324: $25 <= 00000000
                 990@00003328: $25 <= 0000004a
                 994@0000332c: $27 <= 005b0000
                 998@00003330: $31 <= 00340044
