Command line:
   NPC_isim_beh.exe
     -simmode  gui
     -simrunnum  0
     -socket  11207

Sun Nov 06 12:40:00 2022


 Elaboration Time: 0.265625 sec

 Current Memory Usage: 5805.58 Meg

 Total Signals          : 22
 Total Nets             : 268
 Total Signal Drivers   : 8
 Total Blocks           : 2
 Total Primitive Blocks : 2
 Total Processes        : 10
 Total Traceable Variables  : 19
 Total Scalar Nets and Variables : 380
Total Line Count : 28

 Total Simulation Time: 0.28125 sec

 Current Memory Usage: 5805.58 Meg

Sun Nov 06 12:40:03 2022

