ISim log file
Running: D:\coding_file\study\Lesson\co_lesson\lesson\p5\mips\mips_tb_isim_beh.exe -intstyle ise -gui -tclbatch isim.cmd -wdb D:/coding_file/study/Lesson/co_lesson/lesson/p5/mips/mips_tb_isim_beh.wdb 
ISim P.20131013 (signature 0x7708f090)
WARNING: A WEBPACK license was found.
WARNING: Please use Xilinx License Configuration Manager to check out a full ISim license.
WARNING: ISim will run in Lite mode. Please refer to the ISim documentation for more information on the differences between the Lite and the Full version.
This is a Lite version of ISim.
Time resolution is 1 ps
# onerror resume
# wave add /
# run 1000 ns
Simulator is doing circuit initialization process.
Finished circuit initialization process.
                  55@00003000: $25 <= 00001b62
                  65@00003004: $27 <= 00007f94
                  75@00003008: $27 <= 00005d6e
                  85@0000300c: $25 <= 00001f04
                  95@00003010: $31 <= 00005f8d
                 105@00003014: $26 <= 0000017e
                 115@00003018: $27 <= 001d0000
                 125@0000301c: $25 <= 00750000
                 125@00003020: *00000040 <= 001d0000
                 145@00003024: $26 <= 00000000
                 145@00003028: *00000000 <= 001d0000
                 165@0000302c: $27 <= 00000050
                 175@00003030: $31 <= 00750031
                 185@00003034: $27 <= 001c0000
                 215@00003040: $27 <= 000d0000
                 225@00003044: $25 <= 00720000
                 255@00003050: $26 <= 00100000
                 275@000036e8: *00000000 <= 00750031
                 295@000036ec: $25 <= 00500000
                 295@000036f0: *00000000 <= 00100000
                 305@000036f4: *00000080 <= 00100000
