#-----------------------------------------------------------
# PlanAhead v14.7 (64-bit)
# Build 321239 by xbuild on Fri Sep 27 19:29:51 MDT 2013
# Start of session at: Mon Dec 19 10:49:40 2022
# Process ID: 17752
# Log file: D:/coding_file/study/Lesson/co_lesson/lesson/p8/mips/planAhead_run_1/planAhead.log
# Journal file: D:/coding_file/study/Lesson/co_lesson/lesson/p8/mips/planAhead_run_1/planAhead.jou
#-----------------------------------------------------------
INFO: [Common 17-78] Attempting to get a license: PlanAhead
INFO: [Common 17-290] Got license for PlanAhead
INFO: [Device 21-36] Loading parts and site information from D:/SoftWare/ISE/14.7/ISE_DS/PlanAhead/data/parts/arch.xml
boost::filesystem::status: ??¡Á¡Â????¨º?¨À?: "./parts/xilinx/virtex7/virtex7/xc7v30t/xc7v30t.xng"
Could not load library 'librdi_coretasks' needed by 'core', please check installation.
    while executing
"error "$result\nCould not load library '$library' needed by '$feature', please check installation.""
    (procedure "rdi::load_library" line 4)
    invoked from within
"rdi::load_library core librdi_coretasks"
    (file "D:/SoftWare/ISE/14.7/ISE_DS/PlanAhead\lib\scripts\rdi\features\core\core.tcl" line 5)
ERROR: [Common 17-217] Failed to load feature 'core'.

    while executing
"source -notrace {D:/SoftWare/ISE/14.7/ISE_DS/PlanAhead\lib\scripts\rdi\features\core\core.tcl}"
    invoked from within
"load_features base core planahead ipservices"
    (file "D:/SoftWare/ISE/14.7/ISE_DS/PlanAhead/lib/scripts/rdi/products/PlanAhead.tcl" line 5)
INFO: [Common 17-206] Exiting PlanAhead at Mon Dec 19 10:49:40 2022...
INFO: [Common 17-83] Releasing license: PlanAhead
