#! c:/iverilog-x86/bin/vvp
:ivl_version "10.0 (stable)" "(v10_0)";
:ivl_delay_selection "TYPICAL";
:vpi_time_precision + 0;
:vpi_module "system";
:vpi_module "vhdl_sys";
:vpi_module "v2005_math";
:vpi_module "va_math";
S_00b59c88 .scope module, "splitter" "splitter" 2 1;
 .timescale 0 0;
    .port_info 0 /INPUT 32 "A"
    .port_info 1 /OUTPUT 8 "A3"
    .port_info 2 /OUTPUT 8 "A2"
    .port_info 3 /OUTPUT 8 "A1"
    .port_info 4 /OUTPUT 8 "A0"
o02be1ff4 .functor BUFZ 32, C4<zzzzzzzzzzzzzzzzzzzzzzzzzzzzzzzz>; HiZ drive
v00b59a40_0 .net "A", 31 0, o02be1ff4;  0 drivers
v00b59868_0 .net "A0", 7 0, L_00b5ea18;  1 drivers
v00b51680_0 .net "A1", 7 0, L_00b5e9c0;  1 drivers
v00b516d8_0 .net "A2", 7 0, L_00b517e0;  1 drivers
v00b51730_0 .net "A3", 7 0, L_00b51788;  1 drivers
L_00b51788 .part o02be1ff4, 24, 8;
L_00b517e0 .part o02be1ff4, 16, 8;
L_00b5e9c0 .part o02be1ff4, 8, 8;
L_00b5ea18 .part o02be1ff4, 0, 8;
# The file index is used to find the file name in the following table.
:file_names 3;
    "N/A";
    "<interactive>";
    "splitter.v";
