#! c:/iverilog-x86/bin/vvp
:ivl_version "10.0 (stable)" "(v10_0)";
:ivl_delay_selection "TYPICAL";
:vpi_time_precision + 0;
:vpi_module "system";
:vpi_module "vhdl_sys";
:vpi_module "v2005_math";
:vpi_module "va_math";
S_00961680 .scope module, "gray" "gray" 2 1;
 .timescale 0 0;
    .port_info 0 /INPUT 1 "Clk"
    .port_info 1 /INPUT 1 "Reset"
    .port_info 2 /INPUT 1 "En"
    .port_info 3 /OUTPUT 3 "Output"
    .port_info 4 /OUTPUT 1 "Overflow"
L_0096d918 .functor BUFZ 3, v0096d810_0, C4<000>, C4<000>, C4<000>;
L_0096d960 .functor BUFZ 1, v0096d8c0_0, C4<0>, C4<0>, C4<0>;
o02bf3fdc .functor BUFZ 1, C4<z>; HiZ drive
v00968d38_0 .net "Clk", 0 0, o02bf3fdc;  0 drivers
o02bf3ff4 .functor BUFZ 1, C4<z>; HiZ drive
v00961750_0 .net "En", 0 0, o02bf3ff4;  0 drivers
v009617a8_0 .net "Output", 2 0, L_0096d918;  1 drivers
v00961800_0 .net "Overflow", 0 0, L_0096d960;  1 drivers
o02bf403c .functor BUFZ 1, C4<z>; HiZ drive
v0096d7b8_0 .net "Reset", 0 0, o02bf403c;  0 drivers
v0096d810_0 .var "cnt", 2 0;
v0096d868_0 .var "next", 2 0;
v0096d8c0_0 .var "out", 0 0;
E_00969bf8 .event posedge, v00968d38_0;
E_009697e8 .event edge, v0096d810_0;
    .scope S_00961680;
T_0 ;
    %pushi/vec4 0, 0, 3;
    %store/vec4 v0096d810_0, 0, 3;
    %end;
    .thread T_0;
    .scope S_00961680;
T_1 ;
    %wait E_009697e8;
    %load/vec4 v0096d810_0;
    %cmpi/e 0, 0, 3;
    %flag_mov 8, 4;
    %jmp/0 T_1.0, 8;
    %pushi/vec4 1, 0, 3;
    %jmp/1 T_1.1, 8;
T_1.0 ; End of true expr.
    %load/vec4 v0096d810_0;
    %cmpi/e 1, 0, 3;
    %flag_mov 9, 4;
    %jmp/0 T_1.2, 9;
    %pushi/vec4 3, 0, 3;
    %jmp/1 T_1.3, 9;
T_1.2 ; End of true expr.
    %load/vec4 v0096d810_0;
    %cmpi/e 3, 0, 3;
    %flag_mov 10, 4;
    %jmp/0 T_1.4, 10;
    %pushi/vec4 2, 0, 3;
    %jmp/1 T_1.5, 10;
T_1.4 ; End of true expr.
    %load/vec4 v0096d810_0;
    %cmpi/e 2, 0, 3;
    %flag_mov 11, 4;
    %jmp/0 T_1.6, 11;
    %pushi/vec4 6, 0, 3;
    %jmp/1 T_1.7, 11;
T_1.6 ; End of true expr.
    %load/vec4 v0096d810_0;
    %cmpi/e 6, 0, 3;
    %flag_mov 12, 4;
    %jmp/0 T_1.8, 12;
    %pushi/vec4 7, 0, 3;
    %jmp/1 T_1.9, 12;
T_1.8 ; End of true expr.
    %load/vec4 v0096d810_0;
    %cmpi/e 7, 0, 3;
    %flag_mov 13, 4;
    %jmp/0 T_1.10, 13;
    %pushi/vec4 5, 0, 3;
    %jmp/1 T_1.11, 13;
T_1.10 ; End of true expr.
    %load/vec4 v0096d810_0;
    %cmpi/e 4, 0, 3;
    %flag_mov 14, 4;
    %jmp/0 T_1.12, 14;
    %pushi/vec4 4, 0, 3;
    %jmp/1 T_1.13, 14;
T_1.12 ; End of true expr.
    %pushi/vec4 0, 0, 3;
    %jmp/0 T_1.13, 14;
 ; End of false expr.
    %blend;
T_1.13;
    %jmp/0 T_1.11, 13;
 ; End of false expr.
    %blend;
T_1.11;
    %jmp/0 T_1.9, 12;
 ; End of false expr.
    %blend;
T_1.9;
    %jmp/0 T_1.7, 11;
 ; End of false expr.
    %blend;
T_1.7;
    %jmp/0 T_1.5, 10;
 ; End of false expr.
    %blend;
T_1.5;
    %jmp/0 T_1.3, 9;
 ; End of false expr.
    %blend;
T_1.3;
    %jmp/0 T_1.1, 8;
 ; End of false expr.
    %blend;
T_1.1;
    %store/vec4 v0096d868_0, 0, 3;
    %jmp T_1;
    .thread T_1, $push;
    .scope S_00961680;
T_2 ;
    %wait E_00969bf8;
    %load/vec4 v0096d7b8_0;
    %flag_set/vec4 8;
    %jmp/0xz  T_2.0, 8;
    %pushi/vec4 0, 0, 1;
    %assign/vec4 v0096d8c0_0, 0;
    %pushi/vec4 0, 0, 3;
    %assign/vec4 v0096d810_0, 0;
    %jmp T_2.1;
T_2.0 ;
    %load/vec4 v00961750_0;
    %flag_set/vec4 8;
    %jmp/0xz  T_2.2, 8;
    %load/vec4 v0096d868_0;
    %assign/vec4 v0096d810_0, 0;
    %load/vec4 v0096d810_0;
    %cmpi/e 4, 0, 3;
    %jmp/0xz  T_2.4, 4;
    %pushi/vec4 1, 0, 1;
    %assign/vec4 v0096d8c0_0, 0;
    %pushi/vec4 0, 0, 3;
    %assign/vec4 v0096d810_0, 0;
T_2.4 ;
T_2.2 ;
T_2.1 ;
    %jmp T_2;
    .thread T_2;
# The file index is used to find the file name in the following table.
:file_names 3;
    "N/A";
    "<interactive>";
    "gray.v";
