#! c:/iverilog-x86/bin/vvp
:ivl_version "10.0 (stable)" "(v10_0)";
:ivl_delay_selection "TYPICAL";
:vpi_time_precision - 12;
:vpi_module "system";
:vpi_module "vhdl_sys";
:vpi_module "v2005_math";
:vpi_module "va_math";
S_02ba2da8 .scope module, "tb_gray" "tb_gray" 2 3;
 .timescale -9 -12;
v008fc8e8_0 .var "Clk", 0 0;
v008fc940_0 .var "En", 0 0;
v008fc998_0 .net "Output", 2 0, L_008feec0;  1 drivers
v02b9f850_0 .net "Overflow", 0 0, L_02ba0760;  1 drivers
v02b9fbc0_0 .var "Reset", 0 0;
S_02ba2e78 .scope module, "u_gray" "gray" 2 28, 3 2 0, S_02ba2da8;
 .timescale -9 -12;
    .port_info 0 /INPUT 1 "Clk"
    .port_info 1 /INPUT 1 "Reset"
    .port_info 2 /INPUT 1 "En"
    .port_info 3 /OUTPUT 3 "Output"
    .port_info 4 /OUTPUT 1 "Overflow"
L_008feec0 .functor BUFZ 3, v008f17e0_0, C4<000>, C4<000>, C4<000>;
L_02ba0760 .functor BUFZ 1, v008fc890_0, C4<0>, C4<0>, C4<0>;
v008fee68_0 .net "Clk", 0 0, v008fc8e8_0;  1 drivers
v008f1680_0 .net "En", 0 0, v008fc940_0;  1 drivers
v008f16d8_0 .net "Output", 2 0, L_008feec0;  alias, 1 drivers
v008f1730_0 .net "Overflow", 0 0, L_02ba0760;  alias, 1 drivers
v008f1788_0 .net "Reset", 0 0, v02b9fbc0_0;  1 drivers
v008f17e0_0 .var "cnt", 2 0;
v008fc838_0 .var "next", 2 0;
v008fc890_0 .var "out", 0 0;
E_008fcf10 .event posedge, v008fee68_0;
E_008fcec0 .event edge, v008f17e0_0;
    .scope S_02ba2e78;
T_0 ;
    %pushi/vec4 0, 0, 3;
    %store/vec4 v008f17e0_0, 0, 3;
    %end;
    .thread T_0;
    .scope S_02ba2e78;
T_1 ;
    %pushi/vec4 0, 0, 1;
    %store/vec4 v008fc890_0, 0, 1;
    %end;
    .thread T_1;
    .scope S_02ba2e78;
T_2 ;
    %wait E_008fcec0;
    %load/vec4 v008f17e0_0;
    %cmpi/e 0, 0, 3;
    %flag_mov 8, 4;
    %jmp/0 T_2.0, 8;
    %pushi/vec4 1, 0, 3;
    %jmp/1 T_2.1, 8;
T_2.0 ; End of true expr.
    %load/vec4 v008f17e0_0;
    %cmpi/e 1, 0, 3;
    %flag_mov 9, 4;
    %jmp/0 T_2.2, 9;
    %pushi/vec4 3, 0, 3;
    %jmp/1 T_2.3, 9;
T_2.2 ; End of true expr.
    %load/vec4 v008f17e0_0;
    %cmpi/e 3, 0, 3;
    %flag_mov 10, 4;
    %jmp/0 T_2.4, 10;
    %pushi/vec4 2, 0, 3;
    %jmp/1 T_2.5, 10;
T_2.4 ; End of true expr.
    %load/vec4 v008f17e0_0;
    %cmpi/e 2, 0, 3;
    %flag_mov 11, 4;
    %jmp/0 T_2.6, 11;
    %pushi/vec4 6, 0, 3;
    %jmp/1 T_2.7, 11;
T_2.6 ; End of true expr.
    %load/vec4 v008f17e0_0;
    %cmpi/e 6, 0, 3;
    %flag_mov 12, 4;
    %jmp/0 T_2.8, 12;
    %pushi/vec4 7, 0, 3;
    %jmp/1 T_2.9, 12;
T_2.8 ; End of true expr.
    %load/vec4 v008f17e0_0;
    %cmpi/e 7, 0, 3;
    %flag_mov 13, 4;
    %jmp/0 T_2.10, 13;
    %pushi/vec4 5, 0, 3;
    %jmp/1 T_2.11, 13;
T_2.10 ; End of true expr.
    %load/vec4 v008f17e0_0;
    %cmpi/e 5, 0, 3;
    %flag_mov 14, 4;
    %jmp/0 T_2.12, 14;
    %pushi/vec4 4, 0, 3;
    %jmp/1 T_2.13, 14;
T_2.12 ; End of true expr.
    %pushi/vec4 0, 0, 3;
    %jmp/0 T_2.13, 14;
 ; End of false expr.
    %blend;
T_2.13;
    %jmp/0 T_2.11, 13;
 ; End of false expr.
    %blend;
T_2.11;
    %jmp/0 T_2.9, 12;
 ; End of false expr.
    %blend;
T_2.9;
    %jmp/0 T_2.7, 11;
 ; End of false expr.
    %blend;
T_2.7;
    %jmp/0 T_2.5, 10;
 ; End of false expr.
    %blend;
T_2.5;
    %jmp/0 T_2.3, 9;
 ; End of false expr.
    %blend;
T_2.3;
    %jmp/0 T_2.1, 8;
 ; End of false expr.
    %blend;
T_2.1;
    %store/vec4 v008fc838_0, 0, 3;
    %jmp T_2;
    .thread T_2, $push;
    .scope S_02ba2e78;
T_3 ;
    %wait E_008fcf10;
    %load/vec4 v008f1788_0;
    %flag_set/vec4 8;
    %jmp/0xz  T_3.0, 8;
    %pushi/vec4 0, 0, 1;
    %assign/vec4 v008fc890_0, 0;
    %pushi/vec4 0, 0, 3;
    %assign/vec4 v008f17e0_0, 0;
    %jmp T_3.1;
T_3.0 ;
    %load/vec4 v008f1680_0;
    %flag_set/vec4 8;
    %jmp/0xz  T_3.2, 8;
    %load/vec4 v008fc838_0;
    %assign/vec4 v008f17e0_0, 0;
    %load/vec4 v008f17e0_0;
    %cmpi/e 4, 0, 3;
    %jmp/0xz  T_3.4, 4;
    %pushi/vec4 1, 0, 1;
    %assign/vec4 v008fc890_0, 0;
    %pushi/vec4 0, 0, 3;
    %assign/vec4 v008f17e0_0, 0;
T_3.4 ;
T_3.2 ;
T_3.1 ;
    %jmp T_3;
    .thread T_3;
    .scope S_02ba2da8;
T_4 ;
    %vpi_call 2 5 "$fsdbDumpvars" {0 0 0};
    %end;
    .thread T_4;
    .scope S_02ba2da8;
T_5 ;
    %pushi/vec4 0, 0, 1;
    %store/vec4 v008fc8e8_0, 0, 1;
    %end;
    .thread T_5;
    .scope S_02ba2da8;
T_6 ;
    %delay 5000, 0;
    %load/vec4 v008fc8e8_0;
    %inv;
    %store/vec4 v008fc8e8_0, 0, 1;
    %jmp T_6;
    .thread T_6;
    .scope S_02ba2da8;
T_7 ;
    %pushi/vec4 0, 0, 1;
    %store/vec4 v02b9fbc0_0, 0, 1;
    %pushi/vec4 1, 0, 1;
    %store/vec4 v008fc940_0, 0, 1;
    %delay 100000, 0;
    %vpi_call 2 24 "$finish" {0 0 0};
    %end;
    .thread T_7;
# The file index is used to find the file name in the following table.
:file_names 4;
    "N/A";
    "<interactive>";
    "tb_gray.v";
    "./gray.v";
