Running: D:\SoftWare\ISE\14.7\ISE_DS\ISE\bin\nt64\unwrapped\fuse.exe -nodebug -prj mips.prj -o mips.exe mips_txt 
ISim P.20131013 (signature 0x7708f090)
Number of CPUs detected in this system: 8
Turning on mult-threading, number of parallel sub-compilation jobs: 16 
Determining compilation order of HDL files
Analyzing Verilog file "D:\coding_file\study\Lesson\co_lesson\lesson\p6\mips\mips_tb.v" into library work
Starting static elaboration
Completed static elaboration
Compiling module HazardUnit
Compiling module PC
Compiling module IF
Compiling module GRF
Compiling module EXT
Compiling module NPC
Compiling module B_transfer
Compiling module Controller
Compiling module ID
Compiling module ALU
Compiling module MD_Unit
Compiling module EX
Compiling module DM_In
Compiling module DM_Out
Compiling module MEM
Compiling module mips
Compiling module mips_txt
Time Resolution for simulation is 1ps.
Waiting for 2 sub-compilation(s) to finish...
