#! c:/iverilog-x86/bin/vvp
:ivl_version "10.0 (stable)" "(v10_0)";
:ivl_delay_selection "TYPICAL";
:vpi_time_precision - 12;
:vpi_module "system";
:vpi_module "vhdl_sys";
:vpi_module "v2005_math";
:vpi_module "va_math";
S_01271940 .scope module, "MD_Unit" "MD_Unit" 2 3;
 .timescale -9 -12;
    .port_info 0 /INPUT 1 "clk"
    .port_info 1 /INPUT 1 "reset"
    .port_info 2 /INPUT 1 "en"
    .port_info 3 /INPUT 4 "MDop"
    .port_info 4 /INPUT 32 "A"
    .port_info 5 /INPUT 32 "B"
    .port_info 6 /OUTPUT 32 "HI"
    .port_info 7 /OUTPUT 32 "LO"
    .port_info 8 /OUTPUT 32 "out"
    .port_info 9 /OUTPUT 1 "busy"
P_01277938 .param/l "D_cycle" 0 2 16, +C4<00000000000000000000000000001010>;
P_01277958 .param/l "MU_cycle" 0 2 16, +C4<00000000000000000000000000000101>;
o02c08fcc .functor BUFZ 32, C4<zzzzzzzzzzzzzzzzzzzzzzzzzzzzzzzz>; HiZ drive
v01271a90_0 .net "A", 31 0, o02c08fcc;  0 drivers
o02c08fe4 .functor BUFZ 32, C4<zzzzzzzzzzzzzzzzzzzzzzzzzzzzzzzz>; HiZ drive
v02be4898_0 .net "B", 31 0, o02c08fe4;  0 drivers
v02be48f0_0 .var "HI", 31 0;
v02be4948_0 .var "LO", 31 0;
o02c0902c .functor BUFZ 4, C4<zzzz>; HiZ drive
v02be49a0_0 .net "MDop", 3 0, o02c0902c;  0 drivers
L_02c29c08 .functor BUFT 1, C4<00000000000000000000000000000000>, C4<0>, C4<0>, C4<0>;
v02be49f8_0 .net/2u *"_s0", 31 0, L_02c29c08;  1 drivers
v02be4a50_0 .net "busy", 0 0, L_02be50a8;  1 drivers
o02c09074 .functor BUFZ 1, C4<z>; HiZ drive
v02be4aa8_0 .net "clk", 0 0, o02c09074;  0 drivers
v02be4b00_0 .var "cnt", 31 0;
o02c090a4 .functor BUFZ 1, C4<z>; HiZ drive
v02be4b58_0 .net "en", 0 0, o02c090a4;  0 drivers
o02c090bc .functor BUFZ 32, C4<zzzzzzzzzzzzzzzzzzzzzzzzzzzzzzzz>; HiZ drive
v02be4bb0_0 .net "out", 31 0, o02c090bc;  0 drivers
o02c090d4 .functor BUFZ 1, C4<z>; HiZ drive
v02be4ce0_0 .net "reset", 0 0, o02c090d4;  0 drivers
E_02c05ca8 .event posedge, v02be4aa8_0;
L_02be50a8 .cmp/ne 32, v02be4b00_0, L_02c29c08;
    .scope S_01271940;
T_0 ;
    %pushi/vec4 0, 0, 32;
    %store/vec4 v02be4b00_0, 0, 32;
    %end;
    .thread T_0;
    .scope S_01271940;
T_1 ;
    %wait E_02c05ca8;
    %load/vec4 v02be4ce0_0;
    %flag_set/vec4 8;
    %jmp/0xz  T_1.0, 8;
    %pushi/vec4 0, 0, 32;
    %assign/vec4 v02be48f0_0, 0;
    %jmp T_1.1;
T_1.0 ;
    %load/vec4 v02be4a50_0;
    %flag_set/vec4 8;
    %jmp/0xz  T_1.2, 8;
    %load/vec4 v02be4b00_0;
    %subi 1, 0, 32;
    %assign/vec4 v02be4b00_0, 0;
T_1.2 ;
T_1.1 ;
    %load/vec4 v02be49a0_0;
    %dup/vec4;
    %pushi/vec4 0, 0, 4;
    %cmp/u;
    %jmp/1 T_1.4, 6;
    %dup/vec4;
    %pushi/vec4 1, 0, 4;
    %cmp/u;
    %jmp/1 T_1.5, 6;
    %dup/vec4;
    %pushi/vec4 2, 0, 4;
    %cmp/u;
    %jmp/1 T_1.6, 6;
    %dup/vec4;
    %pushi/vec4 3, 0, 4;
    %cmp/u;
    %jmp/1 T_1.7, 6;
    %dup/vec4;
    %pushi/vec4 4, 0, 4;
    %cmp/u;
    %jmp/1 T_1.8, 6;
    %dup/vec4;
    %pushi/vec4 5, 0, 4;
    %cmp/u;
    %jmp/1 T_1.9, 6;
    %dup/vec4;
    %pushi/vec4 6, 0, 4;
    %cmp/u;
    %jmp/1 T_1.10, 6;
    %dup/vec4;
    %pushi/vec4 7, 0, 4;
    %cmp/u;
    %jmp/1 T_1.11, 6;
    %dup/vec4;
    %pushi/vec4 8, 0, 4;
    %cmp/u;
    %jmp/1 T_1.12, 6;
    %jmp T_1.13;
T_1.4 ;
    %jmp T_1.13;
T_1.5 ;
    %jmp T_1.13;
T_1.6 ;
    %jmp T_1.13;
T_1.7 ;
    %jmp T_1.13;
T_1.8 ;
    %jmp T_1.13;
T_1.9 ;
    %jmp T_1.13;
T_1.10 ;
    %jmp T_1.13;
T_1.11 ;
    %jmp T_1.13;
T_1.12 ;
    %jmp T_1.13;
T_1.13 ;
    %pop/vec4 1;
    %jmp T_1;
    .thread T_1;
# The file index is used to find the file name in the following table.
:file_names 3;
    "N/A";
    "<interactive>";
    "MD_Unit.v";
