INFO:sim:172 - Generating IP...
Applying current project options...
Finished applying current project options.
WARNING:sim - A core named 'p8_test' already exists in the project. Output
   products for this core may be overwritten.
Resolving generics for 'p8_test'...
WARNING:sim - A core named 'p8_test' already exists in the project. Output
   products for this core may be overwritten.
Applying external generics to 'p8_test'...
Delivering associated files for 'p8_test'...
Delivering EJava files for 'p8_test'...
Generating implementation netlist for 'p8_test'...
INFO:sim - Pre-processing HDL files for 'p8_test'...
Running synthesis for 'p8_test'
Running ngcbuild...
Writing VEO instantiation template for 'p8_test'...
Writing Verilog behavioral simulation model for 'p8_test'...
WARNING:sim - Overwriting existing file
   D:/coding_file/study/Lesson/co_lesson/lesson/p8/mips/ipcore_dir/tmp/_cg/p8_te
   st/doc/blk_mem_gen_v7_3_vinfo.html with file from view xilinx_documentation
Delivered 1 file into directory
D:/coding_file/study/Lesson/co_lesson/lesson/p8/mips/ipcore_dir/tmp/_cg/p8_test
Generating ASY schematic symbol...
INFO:sim:949 - Finished generation of ASY schematic symbol.
Generating SYM schematic symbol for 'p8_test'...
Generating metadata file...
Regenerating ISE project file for 'p8_test'...
Generating ISE project...
XCO file found: p8_test.xco
XMDF file found: p8_test_xmdf.tcl
Adding
D:/coding_file/study/Lesson/co_lesson/lesson/p8/mips/ipcore_dir/tmp/_cg/p8_test.
asy -view all -origin_type imported
Adding
D:/coding_file/study/Lesson/co_lesson/lesson/p8/mips/ipcore_dir/tmp/_cg/p8_test.
ngc -view all -origin_type created
Checking file
"D:/coding_file/study/Lesson/co_lesson/lesson/p8/mips/ipcore_dir/tmp/_cg/p8_test
.ngc" for project device match ...
File
"D:/coding_file/study/Lesson/co_lesson/lesson/p8/mips/ipcore_dir/tmp/_cg/p8_test
.ngc" device information matches project device.
Adding
D:/coding_file/study/Lesson/co_lesson/lesson/p8/mips/ipcore_dir/tmp/_cg/p8_test.
sym -view all -origin_type imported
Adding
D:/coding_file/study/Lesson/co_lesson/lesson/p8/mips/ipcore_dir/tmp/_cg/p8_test.
v -view all -origin_type created
INFO:HDLCompiler:1845 - Analyzing Verilog file
   "D:/coding_file/study/Lesson/co_lesson/lesson/p8/mips/ipcore_dir/tmp/_cg/p8_t
   est.v" into library work
INFO:ProjectMgmt - Parsing design hierarchy completed successfully.
Adding
D:/coding_file/study/Lesson/co_lesson/lesson/p8/mips/ipcore_dir/tmp/_cg/p8_test.
veo -view all -origin_type imported
INFO:TclTasksC:2116 - The automatic calculation of top has been turned-off.
   Please set the new top explicitly by running the "project set top" command.
   To re-calculate the new top automatically, set the "Auto Implementation Top"
   property to true.
Top level has been set to "/p8_test"
Generating README file...
Generating FLIST file...
INFO:sim:948 - Finished FLIST file generation.
Launching README viewer...
Moving files to output directory...
Finished moving files to output directory
Wrote CGP file for project 'p8_test'.
