#! c:/iverilog-x86/bin/vvp
:ivl_version "10.0 (stable)" "(v10_0)";
:ivl_delay_selection "TYPICAL";
:vpi_time_precision - 12;
:vpi_module "system";
:vpi_module "vhdl_sys";
:vpi_module "v2005_math";
:vpi_module "va_math";
S_0124ba08 .scope module, "tb_vote" "tb_vote" 2 3;
 .timescale -9 -12;
v0124cc80_0 .var "np", 31 0;
v02bd1830_0 .net "res", 0 0, L_02bd14c0;  1 drivers
v02bd10f8_0 .var "vip", 7 0;
v02bd12b0_0 .var "vvip", 0 0;
S_01241680 .scope module, "u_vote" "vote" 2 3, 3 1 0, S_0124ba08;
 .timescale -9 -12;
    .port_info 0 /INPUT 32 "np"
    .port_info 1 /INPUT 8 "vip"
    .port_info 2 /INPUT 1 "vvip"
    .port_info 3 /OUTPUT 1 "res"
v01248f98_0 .net *"_s0", 31 0, L_02bd15c8;  1 drivers
L_02bf6c30 .functor BUFT 1, C4<000000000000000000000000>, C4<0>, C4<0>, C4<0>;
v01241750_0 .net *"_s3", 23 0, L_02bf6c30;  1 drivers
L_02bf6c58 .functor BUFT 1, C4<00000000000000000000000000100000>, C4<0>, C4<0>, C4<0>;
v012417a8_0 .net/2u *"_s4", 31 0, L_02bf6c58;  1 drivers
v01241800_0 .var "cnt", 7 0;
v0124db10_0 .var/i "i", 31 0;
v0124db68_0 .var/i "j", 31 0;
v0124dbc0_0 .net "np", 31 0, v0124cc80_0;  1 drivers
v0124dc18_0 .net "res", 0 0, L_02bd14c0;  alias, 1 drivers
v0124dc70_0 .net "vip", 7 0, v02bd10f8_0;  1 drivers
v0124cc28_0 .net "vvip", 0 0, v02bd12b0_0;  1 drivers
E_0124a5f8/0 .event edge, v0124db10_0, v0124dbc0_0, v01241800_0, v0124db68_0;
E_0124a5f8/1 .event edge, v0124dc70_0, v0124cc28_0;
E_0124a5f8 .event/or E_0124a5f8/0, E_0124a5f8/1;
L_02bd15c8 .concat [ 8 24 0 0], v01241800_0, L_02bf6c30;
L_02bd14c0 .cmp/gt 32, L_02bd15c8, L_02bf6c58;
    .scope S_01241680;
T_0 ;
    %wait E_0124a5f8;
    %pushi/vec4 0, 0, 8;
    %store/vec4 v01241800_0, 0, 8;
    %pushi/vec4 0, 0, 32;
    %store/vec4 v0124db10_0, 0, 32;
T_0.0 ;
    %load/vec4 v0124db10_0;
    %cmpi/s 32, 0, 32;
    %jmp/0xz T_0.1, 5;
    %load/vec4 v0124dbc0_0;
    %load/vec4 v0124db10_0;
    %part/s 1;
    %cmpi/e 1, 0, 1;
    %jmp/0xz  T_0.2, 4;
    %load/vec4 v01241800_0;
    %addi 1, 0, 8;
    %store/vec4 v01241800_0, 0, 8;
T_0.2 ;
    %load/vec4 v0124db10_0;
    %addi 1, 0, 32;
    %store/vec4 v0124db10_0, 0, 32;
    %jmp T_0.0;
T_0.1 ;
    %pushi/vec4 0, 0, 32;
    %store/vec4 v0124db68_0, 0, 32;
T_0.4 ;
    %load/vec4 v0124db68_0;
    %cmpi/s 8, 0, 32;
    %jmp/0xz T_0.5, 5;
    %load/vec4 v0124dc70_0;
    %load/vec4 v0124db68_0;
    %part/s 1;
    %cmpi/e 1, 0, 1;
    %jmp/0xz  T_0.6, 4;
    %load/vec4 v01241800_0;
    %addi 4, 0, 8;
    %store/vec4 v01241800_0, 0, 8;
T_0.6 ;
    %load/vec4 v0124db68_0;
    %pushi/vec4 1, 0, 32;
    %add;
    %store/vec4 v0124db68_0, 0, 32;
    %jmp T_0.4;
T_0.5 ;
    %load/vec4 v0124cc28_0;
    %cmpi/e 1, 0, 1;
    %jmp/0xz  T_0.8, 4;
    %load/vec4 v01241800_0;
    %addi 16, 0, 8;
    %store/vec4 v01241800_0, 0, 8;
T_0.8 ;
    %jmp T_0;
    .thread T_0, $push;
    .scope S_0124ba08;
T_1 ;
    %pushi/vec4 0, 0, 32;
    %store/vec4 v0124cc80_0, 0, 32;
    %end;
    .thread T_1;
    .scope S_0124ba08;
T_2 ;
    %pushi/vec4 0, 0, 8;
    %store/vec4 v02bd10f8_0, 0, 8;
    %end;
    .thread T_2;
    .scope S_0124ba08;
T_3 ;
    %pushi/vec4 0, 0, 1;
    %store/vec4 v02bd12b0_0, 0, 1;
    %end;
    .thread T_3;
    .scope S_0124ba08;
T_4 ;
    %vpi_call 2 7 "$dumpfile", "vote.vcd" {0 0 0};
    %vpi_call 2 8 "$dumpvars" {0 0 0};
    %pushi/vec4 63, 0, 32;
    %store/vec4 v0124cc80_0, 0, 32;
    %pushi/vec4 7, 0, 8;
    %store/vec4 v02bd10f8_0, 0, 8;
    %pushi/vec4 1, 0, 1;
    %store/vec4 v02bd12b0_0, 0, 1;
    %delay 5000, 0;
    %pushi/vec4 2, 0, 8;
    %store/vec4 v02bd10f8_0, 0, 8;
    %delay 5000, 0;
    %pushi/vec4 0, 0, 1;
    %store/vec4 v02bd12b0_0, 0, 1;
    %delay 5000, 0;
    %vpi_call 2 17 "$finish" {0 0 0};
    %end;
    .thread T_4;
# The file index is used to find the file name in the following table.
:file_names 4;
    "N/A";
    "<interactive>";
    "tb_vote.v";
    "./vote.v";
