#! c:/iverilog-x86/bin/vvp
:ivl_version "10.0 (stable)" "(v10_0)";
:ivl_delay_selection "TYPICAL";
:vpi_time_precision + 0;
:vpi_module "system";
:vpi_module "vhdl_sys";
:vpi_module "v2005_math";
:vpi_module "va_math";
S_010d1680 .scope module, "vote" "vote" 2 1;
 .timescale 0 0;
    .port_info 0 /INPUT 32 "np"
    .port_info 1 /INPUT 8 "vip"
    .port_info 2 /INPUT 1 "vvip"
    .port_info 3 /OUTPUT 1 "res"
v010d9650_0 .net *"_s0", 31 0, L_010dce80;  1 drivers
L_02c194f8 .functor BUFT 1, C4<000000000000000000000000>, C4<0>, C4<0>, C4<0>;
v010d1750_0 .net *"_s3", 23 0, L_02c194f8;  1 drivers
L_02c19520 .functor BUFT 1, C4<00000000000000000000000000100000>, C4<0>, C4<0>, C4<0>;
v010d17a8_0 .net/2u *"_s4", 31 0, L_02c19520;  1 drivers
v010d1800_0 .var "cnt", 7 0;
v010dcc70_0 .var/i "i", 31 0;
v010dccc8_0 .var/i "j", 31 0;
o02be1d04 .functor BUFZ 32, C4<zzzzzzzzzzzzzzzzzzzzzzzzzzzzzzzz>; HiZ drive
v010dcd20_0 .net "np", 31 0, o02be1d04;  0 drivers
v010dcd78_0 .net "res", 0 0, L_02c517f0;  1 drivers
o02be1d34 .functor BUFZ 8, C4<zzzzzzzz>; HiZ drive
v010dcdd0_0 .net "vip", 7 0, o02be1d34;  0 drivers
o02be1d4c .functor BUFZ 1, C4<z>; HiZ drive
v010dce28_0 .net "vvip", 0 0, o02be1d4c;  0 drivers
E_010d9cb0/0 .event edge, v010dcc70_0, v010dcd20_0, v010d1800_0, v010dccc8_0;
E_010d9cb0/1 .event edge, v010dcdd0_0, v010dce28_0;
E_010d9cb0 .event/or E_010d9cb0/0, E_010d9cb0/1;
L_010dce80 .concat [ 8 24 0 0], v010d1800_0, L_02c194f8;
L_02c517f0 .cmp/gt 32, L_010dce80, L_02c19520;
    .scope S_010d1680;
T_0 ;
    %pushi/vec4 0, 0, 8;
    %store/vec4 v010d1800_0, 0, 8;
    %end;
    .thread T_0;
    .scope S_010d1680;
T_1 ;
    %wait E_010d9cb0;
    %pushi/vec4 0, 0, 32;
    %store/vec4 v010dcc70_0, 0, 32;
T_1.0 ;
    %load/vec4 v010dcc70_0;
    %cmpi/s 32, 0, 32;
    %jmp/0xz T_1.1, 5;
    %load/vec4 v010dcd20_0;
    %load/vec4 v010dcc70_0;
    %part/s 1;
    %cmpi/e 1, 0, 1;
    %jmp/0xz  T_1.2, 4;
    %load/vec4 v010d1800_0;
    %addi 1, 0, 8;
    %store/vec4 v010d1800_0, 0, 8;
T_1.2 ;
    %load/vec4 v010dcc70_0;
    %addi 1, 0, 32;
    %store/vec4 v010dcc70_0, 0, 32;
    %jmp T_1.0;
T_1.1 ;
    %pushi/vec4 0, 0, 32;
    %store/vec4 v010dccc8_0, 0, 32;
T_1.4 ;
    %load/vec4 v010dccc8_0;
    %cmpi/s 8, 0, 32;
    %jmp/0xz T_1.5, 5;
    %load/vec4 v010dcdd0_0;
    %load/vec4 v010dccc8_0;
    %part/s 1;
    %cmpi/e 1, 0, 1;
    %jmp/0xz  T_1.6, 4;
    %load/vec4 v010d1800_0;
    %addi 4, 0, 8;
    %store/vec4 v010d1800_0, 0, 8;
T_1.6 ;
    %load/vec4 v010dccc8_0;
    %pushi/vec4 1, 0, 32;
    %add;
    %store/vec4 v010dccc8_0, 0, 32;
    %jmp T_1.4;
T_1.5 ;
    %load/vec4 v010dce28_0;
    %cmpi/e 1, 0, 1;
    %jmp/0xz  T_1.8, 4;
    %load/vec4 v010d1800_0;
    %addi 16, 0, 8;
    %store/vec4 v010d1800_0, 0, 8;
T_1.8 ;
    %jmp T_1;
    .thread T_1, $push;
# The file index is used to find the file name in the following table.
:file_names 3;
    "N/A";
    "<interactive>";
    "vote.v";
